[20:56:02] [INIT] KubeJS 2001.6.5-build.16; MC 2001 forge
[20:56:02] [INIT] Loaded plugins:
[20:56:02] [INIT] - dev.latvian.mods.kubejs.forge.BuiltinKubeJSForgePlugin
[20:56:02] [INIT] - dev.latvian.mods.kubejs.forge.BuiltinKubeJSForgeClientPlugin
[20:56:02] [INIT] - dev.latvian.mods.kubejs.integration.forge.gamestages.GameStagesIntegration
[20:56:02] [INIT] - com.lowdragmc.lowdraglib.kjs.LDLibKubeJSPlugin
[20:56:02] [INIT] - io.github.mortuusars.exposure.integration.kubejs.ExposureJSPlugin
[20:56:02] [INIT] - dev.ftb.mods.ftbxmodcompat.ftbquests.kubejs.KubeJSIntegration
[20:56:02] [INIT] - dev.ftb.mods.ftbxmodcompat.ftbchunks.kubejs.FTBChunksKubeJSPlugin
[20:56:02] [INIT] - dev.ftb.mods.ftbxmodcompat.ftbteams.kubejs.FTBTeamsKubeJSPlugin
[20:56:02] [INIT] - com.squoshi.irons_spells_js.IronsSpellsJSPlugin
[20:56:02] [INIT] - com.squoshi.irons_spells_js.compat.entityjs.EntityJSPlugin
[20:56:02] [INIT] - com.lowdragmc.mbd2.integration.kubejs.MBDKubeJSPlugin
[20:56:02] [INIT] - zank.mods.eventjs.EventJSKubeJSPlugin
[20:56:02] [INIT] - net.liopyu.entityjs.EntityJSPlugin
[20:56:02] [INIT] - dev.latvian.mods.kubejs.create.KubeJSCreatePlugin
[20:56:02] [INIT] - studio.fantasyit.maid_storage_manager.integration.kubejs.KJSPlugin
[20:56:02] [INIT] - com.prunoideae.powerfuljs.forge.PowerfulJSPluginForge
[20:56:02] [INIT] - com.almostreliable.morejs.Plugin
[20:56:02] [INIT] - pie.ilikepiefoo.AdditionsPlugin
[20:56:02] [INIT] - pie.ilikepiefoo.compat.jei.JEIKubeJSPlugin
[20:56:02] [INIT] - com.github.tartaricacid.touhoulittlemaid.compat.kubejs.ModKubeJSPlugin
[20:56:02] [INIT] - qinomed.kubejsdelight.KubeJSDelightPlugin
[20:56:02] [INIT] - net.sixik.sdmshoprework.common.integration.KubeJS.ShopJSPlugin
[20:56:02] [INIT] - com.almostreliable.lootjs.kube.LootJSPlugin
[20:56:02] [INIT] - com.tacz.guns.compat.kubejs.TimelessKubeJSPlugin
[20:56:02] [INIT] - net.liopyu.animationjs.AnimationJSPlugin
[20:56:02] [INIT] - snownee.loquat.compat.kubejs.LoquatKubeJSPlugin
[20:56:02] [INIT] - snownee.lychee.compat.kubejs.LycheeKubeJSPlugin
[20:56:03] [INFO] Loaded script client_scripts:item_key_tootips.js in 0.067 s
[20:56:03] [INFO] Loaded script client_scripts:raffle_ticket.js in 0.026 s
[20:56:03] [INFO] Loaded script client_scripts:jei.js in 0.039 s
[20:56:03] [INFO] Loaded script client_scripts:hero_card.js in 0.007 s
[20:56:03] [INFO] Loaded script client_scripts:ui.js in 0.001 s
[20:56:03] [INFO] wapoint.js#1: Loaded Java class 'xaero.common.minimap.waypoints.Waypoint'
[20:56:03] [INFO] wapoint.js#2: Loaded Java class 'xaero.common.settings.ModSettings'
[20:56:03] [INFO] Loaded script client_scripts:wapoint.js in 0.078 s
[20:56:03] [INFO] Loaded script client_scripts:sound.js in 0.0 s
[20:56:03] [INFO] Loaded script client_scripts:rougue_like.js in 0.002 s
[20:56:03] [INFO] particle.js#1: Loaded Java class 'net.minecraft.core.particles.DustParticleOptions'
[20:56:03] [INFO] particle.js#2: Loaded Java class 'net.minecraft.core.particles.ParticleOptions'
[20:56:03] [INFO] particle.js#3: Loaded Java class 'net.minecraft.nbt.StringTag'
[20:56:03] [INFO] Loaded script client_scripts:particle.js in 0.025 s
[20:56:03] [INFO] Loaded script client_scripts:nbt_item.js in 0.01 s
[20:56:03] [INFO] Loaded script client_scripts:motion.js in 0.0 s
[20:56:03] [INFO] Loaded script client_scripts:maid.js in 0.047 s
[20:56:03] [INFO] Loaded script client_scripts:key.js in 0.001 s
[20:56:03] [INFO] Loaded script client_scripts:jemtips.js in 0.001 s
[20:56:03] [INFO] Loaded script client_scripts:itemtips.js in 0.041 s
[20:56:03] [INFO] gui.js#1: Loaded Java class 'net.minecraft.client.gui.components.Button'
[20:56:03] [INFO] gui.js#2: Loaded Java class 'net.minecraft.client.gui.screens.inventory.InventoryScreen'
[20:56:03] [INFO] Loaded script client_scripts:gui.js in 0.095 s
[20:56:03] [INFO] display_item_activation.js#1: Loaded Java class 'net.minecraft.sounds.SoundSource'
[20:56:03] [INFO] Loaded script client_scripts:display_item_activation.js in 0.01 s
[20:56:03] [INFO] damage_render.js#2: Loaded Java class 'net.minecraftforge.client.event.RenderLevelStageEvent'
[20:56:03] [INFO] damage_render.js#3: Loaded Java class 'net.minecraftforge.client.event.RenderLevelStageEvent$Stage'
[20:56:03] [INFO] damage_render.js#4: Loaded Java class 'net.minecraft.client.gui.GuiGraphics'
[20:56:03] [INFO] damage_render.js#5: Loaded Java class 'org.joml.Quaternionf'
[20:56:03] [INFO] damage_render.js#6: Loaded Java class 'java.awt.Color'
[20:56:03] [INFO] Loaded script client_scripts:damage_render.js in 0.057 s
[20:56:03] [INFO] Loaded script client_scripts:Item_special_properties.js in 0.004 s
[20:56:03] [INFO] Loaded script client_scripts:celestial_core.js in 0.005 s
[20:56:03] [INFO] forge/player_key_event.js#2: Loaded Java class 'net.minecraftforge.client.event.InputEvent$Key'
[20:56:03] [INFO] forge/player_key_event.js#3: Loaded Java class 'org.lwjgl.glfw.GLFW'
[20:56:03] [INFO] Loaded script client_scripts:forge/player_key_event.js in 0.005 s
[20:56:03] [INFO] forge/player_attack.js#2: Loaded Java class 'net.minecraftforge.client.event.InputEvent$InteractionKeyMappingTriggered'
[20:56:03] [INFO] Loaded script client_scripts:forge/player_attack.js in 0.004 s
[20:56:03] [INFO] Loaded 22/22 KubeJS client scripts in 0.609 s with 0 errors and 0 warnings
[20:57:34] [INFO] Client resource reload complete!
