[2025-10-20 22:21:14] [Render thread/INFO] [CustomSkinLoader Core]: CustomSkinLoader 14.21.2
[2025-10-20 22:21:14] [Render thread/INFO] [CustomSkinLoader Core]: DataDir: /storage/emulated/0/minecraft/versions/异界随行诗/CustomSkinLoader
[2025-10-20 22:21:14] [Render thread/INFO] [CustomSkinLoader Core]: Operating System: Linux (aarch64) version Android-12
[2025-10-20 22:21:14] [Render thread/INFO] [CustomSkinLoader Core]: Java Version: 17.0.10-internal, N/A
[2025-10-20 22:21:14] [Render thread/INFO] [CustomSkinLoader Core]: Java VM Version: OpenJDK 64-Bit Server VM (mixed mode), Oracle Corporation
[2025-10-20 22:21:14] [Render thread/INFO] [CustomSkinLoader Core]: Minecraft: 1.20.1
[2025-10-20 22:21:14] [Render thread/INFO] [CustomSkinLoader Core]: Config File: /storage/emulated/0/minecraft/versions/异界随行诗/CustomSkinLoader/CustomSkinLoader.json
[2025-10-20 22:21:14] [Render thread/INFO] [CustomSkinLoader Core]: Config file not found, use default instead.
[2025-10-20 22:21:15] [Render thread/INFO] [CustomSkinLoader Core]: Successfully create config.
[2025-10-20 22:21:15] [Render thread/INFO] [CustomSkinLoader Core]: Add a profile loader: MojangAPI
[2025-10-20 22:21:15] [Render thread/INFO] [CustomSkinLoader Core]: Add a profile loader: Legacy
[2025-10-20 22:21:15] [Render thread/INFO] [CustomSkinLoader Core]: Add a profile loader: CustomSkinAPI
[2025-10-20 22:21:15] [Render thread/INFO] [CustomSkinLoader Core]: Add a profile loader: CustomSKinAPIPlus
[2025-10-20 22:21:15] [Render thread/INFO] [CustomSkinLoader Core]: Add a profile loader: UniSkinAPI
[2025-10-20 22:21:15] [Render thread/INFO] [CustomSkinLoader Core]: Add a profile loader: ElyByAPI
[2025-10-20 22:21:15] [Render thread/INFO] [CustomSkinLoader Core]: Add a profile loader: GlitchlessAPI
[2025-10-20 22:21:15] [Render thread/INFO] [CustomSkinLoader Core]: Add a profile loader: MinecraftCapesAPI
[2025-10-20 22:21:15] [Render thread/INFO] [CustomSkinLoader Core]: Add a profile loader: WynntilsAPI
[2025-10-20 22:21:15] [Render thread/INFO] [CustomSkinLoader Core]: Successfully update config.
[2025-10-20 22:21:15] [Render thread/INFO] [CustomSkinLoader Core]: version : 14.21.2
[2025-10-20 22:21:15] [Render thread/INFO] [CustomSkinLoader Core]: buildNumber : 30
[2025-10-20 22:21:15] [Render thread/INFO] [CustomSkinLoader Core]: loadlist : [{ "name": "Mojang", "type": "MojangAPI", "apiRoot": "https://api.mojang.com/", "sessionRoot": "https://sessionserver.mojang.com/" }, { "name": "LittleSkin", "type": "CustomSkinAPI", "root": "https://littleskin.cn/csl/" }, { "name": "BlessingSkin", "type": "CustomSkinAPI", "root": "https://skin.prinzeugen.net/" }, { "name": "ElyBy", "type": "ElyByAPI", "root": "http://skinsystem.ely.by/textures/" }, { "name": "SkinMe", "type": "UniSkinAPI", "root": "http://www.skinme.cc/uniskin/" }, { "name": "TLauncher", "type": "ElyByAPI", "root": "https://auth.tlauncher.org/skin/profile/texture/login/" }, { "name": "GlitchlessGames", "type": "GlitchlessAPI", "root": "https://games.glitchless.ru/api/minecraft/users/profiles/textures/?nickname=" }, { "name": "LocalSkin", "type": "Legacy", "checkPNG": "false", "skin": "LocalSkin/skins/{USERNAME}.png", "model": "auto", "cape": "LocalSkin/capes/{USERNAME}.png", "elytra": "LocalSkin/elytras/{USERNAME}.png" }, { "name": "MinecraftCapes", "type": "MinecraftCapesAPI", "root": "https://api.minecraftcapes.net/profile/" }, { "name": "OptiFine", "type": "Legacy", "checkPNG": "false", "model": "auto", "cape": "https://optifine.net/capes/{USERNAME}.png" }, { "name": "Wynntils", "type": "WynntilsAPI", "root": "https://athena.wynntils.com/user/getInfo" }, { "name": "CloakPlus", "type": "Legacy", "checkPNG": "false", "model": "auto", "cape": "http://161.35.130.99/capes/{USERNAME}.png" }, { "name": "LabyMod", "type": "Legacy", "checkPNG": "false", "model": "auto", "cape": "https://dl.labymod.net/capes/{STANDARD_UUID}" }, { "name": "Cosmetica", "type": "Legacy", "checkPNG": "false", "model": "auto", "cape": "https://api.cosmetica.cc/get/cloak?username={USERNAME}&uuid={STANDARD_UUID}&nothirdparty" }]
[2025-10-20 22:21:15] [Render thread/INFO] [CustomSkinLoader Core]: enableDynamicSkull : true
[2025-10-20 22:21:15] [Render thread/INFO] [CustomSkinLoader Core]: enableTransparentSkin : true
[2025-10-20 22:21:15] [Render thread/INFO] [CustomSkinLoader Core]: forceLoadAllTextures : true
[2025-10-20 22:21:15] [Render thread/INFO] [CustomSkinLoader Core]: enableCape : true
[2025-10-20 22:21:15] [Render thread/INFO] [CustomSkinLoader Core]: threadPoolSize : 8
[2025-10-20 22:21:15] [Render thread/INFO] [CustomSkinLoader Core]: enableLogStdOut : false
[2025-10-20 22:21:15] [Render thread/INFO] [CustomSkinLoader Core]: cacheExpiry : 30
[2025-10-20 22:21:15] [Render thread/INFO] [CustomSkinLoader Core]: forceUpdateSkull : false
[2025-10-20 22:21:15] [Render thread/INFO] [CustomSkinLoader Core]: enableLocalProfileCache : false
[2025-10-20 22:21:15] [Render thread/INFO] [CustomSkinLoader Core]: enableCacheAutoClean : false
[2025-10-20 22:21:15] [Render thread/INFO] [CustomSkinLoader Core]: forceDisableCache : false
[2025-10-20 22:21:15] [Fast_xiang/INFO] [CustomSkinLoader Core]: Loading Fast_xiang's profile.
[2025-10-20 22:21:15] [Fast_xiang/INFO] [CustomSkinLoader Core]: 1/14 Try to load profile from 'Mojang'.
[2025-10-20 22:21:15] [Fast_xiang/DEBUG] [CustomSkinLoader Core]: Try to request 'https://api.mojang.com/profiles/minecraft'.
[2025-10-20 22:21:15] [Fast_xiang/INFO] [CustomSkinLoader Core]: Payload: ["Fast_xiang"]
[2025-10-20 22:21:16] [Fast_xiang/DEBUG] [CustomSkinLoader Core]: Successfully request (Response Code: 200 , Content Length: 3)
[2025-10-20 22:21:16] [Fast_xiang/DEBUG] [CustomSkinLoader Core]: Content: [ ]
[2025-10-20 22:21:16] [Fast_xiang/INFO] [CustomSkinLoader Core]: Profile not found.(Fast_xiang's profile not found.)
[2025-10-20 22:21:16] [Fast_xiang/INFO] [CustomSkinLoader Core]: 2/14 Try to load profile from 'LittleSkin'.
[2025-10-20 22:21:16] [Fast_xiang/DEBUG] [CustomSkinLoader Core]: Try to request 'https://littleskin.cn/csl/Fast_xiang.json'.
[2025-10-20 22:21:16] [Fast_xiang/DEBUG] [CustomSkinLoader Core]: Successfully request (Response Code: 200 , Content Length: 121)
[2025-10-20 22:21:16] [Fast_xiang/DEBUG] [CustomSkinLoader Core]: Saved to cache (Length: 121 , Path: '/storage/emulated/0/minecraft/versions/异界随行诗/CustomSkinLoader/caches/255c5584287b88ef32277c530f258b7f9241f108' , Expire: 1760970166)
[2025-10-20 22:21:16] [Fast_xiang/DEBUG] [CustomSkinLoader Core]: Content: {"username":"Fast_xiang","skins":{"slim":"66f4949ca268432bcef200d0d836f29aa0c0cf543b106033f2146d6416fc037c"},"cape":null}
[2025-10-20 22:21:16] [Fast_xiang/INFO] [CustomSkinLoader Core]: 3/14 Try to load profile from 'BlessingSkin'.
[2025-10-20 22:21:16] [Fast_xiang/DEBUG] [CustomSkinLoader Core]: Try to request 'https://skin.prinzeugen.net/Fast_xiang.json'.
[2025-10-20 22:21:16] [Fast_xiang/DEBUG] [CustomSkinLoader Core]: Failed to request (Response Code: 404)
[2025-10-20 22:21:16] [Fast_xiang/INFO] [CustomSkinLoader Core]: Profile not found.
[2025-10-20 22:21:16] [Fast_xiang/INFO] [CustomSkinLoader Core]: 4/14 Try to load profile from 'ElyBy'.
[2025-10-20 22:21:16] [Fast_xiang/DEBUG] [CustomSkinLoader Core]: Try to request 'http://skinsystem.ely.by/textures/Fast_xiang'.
[2025-10-20 22:21:17] [Fast_xiang/DEBUG] [CustomSkinLoader Core]: Successfully request (Response Code: 204 , Content Length: -1)
[2025-10-20 22:21:17] [Fast_xiang/DEBUG] [CustomSkinLoader Core]: Saved to cache (Length: 0 , Path: '/storage/emulated/0/minecraft/versions/异界随行诗/CustomSkinLoader/caches/0179fc6f0c6b3a641a41f25e7fb88ac10781d530' , Expire: 1760973681)
[2025-10-20 22:21:17] [Fast_xiang/DEBUG] [CustomSkinLoader Core]: Content: 
[2025-10-20 22:21:17] [Fast_xiang/INFO] [CustomSkinLoader Core]: Profile not found.
[2025-10-20 22:21:17] [Fast_xiang/INFO] [CustomSkinLoader Core]: 5/14 Try to load profile from 'SkinMe'.
[2025-10-20 22:21:17] [Fast_xiang/DEBUG] [CustomSkinLoader Core]: Try to request 'http://www.skinme.cc/uniskin/Fast_xiang.json'.
[2025-10-20 22:21:17] [Fast_xiang/DEBUG] [CustomSkinLoader Core]: Failed to request http://www.skinme.cc/uniskin/Fast_xiang.json (Exception: java.net.SocketException: Unexpected end of file from server)
[2025-10-20 22:21:17] [Fast_xiang/INFO] [CustomSkinLoader Core]: Profile not found.
[2025-10-20 22:21:17] [Fast_xiang/INFO] [CustomSkinLoader Core]: 6/14 Try to load profile from 'TLauncher'.
[2025-10-20 22:21:17] [Fast_xiang/DEBUG] [CustomSkinLoader Core]: Try to request 'https://auth.tlauncher.org/skin/profile/texture/login/Fast_xiang'.
[2025-10-20 22:21:18] [Fast_xiang/DEBUG] [CustomSkinLoader Core]: Successfully request (Response Code: 200 , Content Length: -1)
[2025-10-20 22:21:18] [Fast_xiang/DEBUG] [CustomSkinLoader Core]: Saved to cache (Length: 2 , Path: '/storage/emulated/0/minecraft/versions/异界随行诗/CustomSkinLoader/caches/465b9565af532797354bbf44c491625807be6dba' , Expire: 1760970173)
[2025-10-20 22:21:18] [Fast_xiang/DEBUG] [CustomSkinLoader Core]: Content: {}
[2025-10-20 22:21:18] [Fast_xiang/INFO] [CustomSkinLoader Core]: Both skin and cape not found.
[2025-10-20 22:21:18] [Fast_xiang/INFO] [CustomSkinLoader Core]: 7/14 Try to load profile from 'GlitchlessGames'.
[2025-10-20 22:21:18] [Fast_xiang/DEBUG] [CustomSkinLoader Core]: Try to request 'https://games.glitchless.ru/api/minecraft/users/profiles/textures/?nickname=Fast_xiang'.
[2025-10-20 22:21:19] [Fast_xiang/DEBUG] [CustomSkinLoader Core]: Failed to request (Response Code: 404)
[2025-10-20 22:21:19] [Fast_xiang/INFO] [CustomSkinLoader Core]: Profile not found.
[2025-10-20 22:21:19] [Fast_xiang/INFO] [CustomSkinLoader Core]: 8/14 Try to load profile from 'LocalSkin'.
[2025-10-20 22:21:19] [Fast_xiang/INFO] [CustomSkinLoader Core]: No texture could be found.
[2025-10-20 22:21:19] [Fast_xiang/INFO] [CustomSkinLoader Core]: 9/14 Try to load profile from 'MinecraftCapes'.
[2025-10-20 22:21:19] [Fast_xiang/DEBUG] [CustomSkinLoader Core]: Try to request 'https://api.mojang.com/profiles/minecraft'.
[2025-10-20 22:21:19] [Fast_xiang/INFO] [CustomSkinLoader Core]: Payload: ["Fast_xiang"]
[2025-10-20 22:21:20] [Fast_xiang/DEBUG] [CustomSkinLoader Core]: Successfully request (Response Code: 200 , Content Length: 3)
[2025-10-20 22:21:20] [Fast_xiang/DEBUG] [CustomSkinLoader Core]: Content: [ ]
[2025-10-20 22:21:20] [Fast_xiang/INFO] [CustomSkinLoader Core]: Profile url not found.
[2025-10-20 22:21:20] [Fast_xiang/INFO] [CustomSkinLoader Core]: 10/14 Try to load profile from 'OptiFine'.
[2025-10-20 22:21:20] [Fast_xiang/DEBUG] [CustomSkinLoader Core]: Try to request 'https://optifine.net/capes/Fast_xiang.png'.
[2025-10-20 22:21:20] [Fast_xiang/DEBUG] [CustomSkinLoader Core]: Failed to request (Response Code: 404)
[2025-10-20 22:21:20] [Fast_xiang/INFO] [CustomSkinLoader Core]: No texture could be found.
[2025-10-20 22:21:20] [Fast_xiang/INFO] [CustomSkinLoader Core]: 11/14 Try to load profile from 'Wynntils'.
[2025-10-20 22:21:20] [Fast_xiang/DEBUG] [CustomSkinLoader Core]: Try to request 'https://api.mojang.com/profiles/minecraft'.
[2025-10-20 22:21:20] [Fast_xiang/INFO] [CustomSkinLoader Core]: Payload: ["Fast_xiang"]
[2025-10-20 22:21:21] [Fast_xiang/DEBUG] [CustomSkinLoader Core]: Successfully request (Response Code: 200 , Content Length: 3)
[2025-10-20 22:21:21] [Fast_xiang/DEBUG] [CustomSkinLoader Core]: Content: [ ]
[2025-10-20 22:21:21] [Fast_xiang/INFO] [CustomSkinLoader Core]: Profile not found.
[2025-10-20 22:21:21] [Fast_xiang/INFO] [CustomSkinLoader Core]: 12/14 Try to load profile from 'CloakPlus'.
[2025-10-20 22:21:21] [Fast_xiang/DEBUG] [CustomSkinLoader Core]: Try to request 'http://161.35.130.99/capes/Fast_xiang.png'.
[2025-10-20 22:21:22] [Fast_xiang/DEBUG] [CustomSkinLoader Core]: Failed to request (Response Code: 404)
[2025-10-20 22:21:22] [Fast_xiang/INFO] [CustomSkinLoader Core]: No texture could be found.
[2025-10-20 22:21:22] [Fast_xiang/INFO] [CustomSkinLoader Core]: 13/14 Try to load profile from 'LabyMod'.
[2025-10-20 22:21:22] [Fast_xiang/DEBUG] [CustomSkinLoader Core]: Try to request 'https://api.mojang.com/profiles/minecraft'.
[2025-10-20 22:21:22] [Fast_xiang/INFO] [CustomSkinLoader Core]: Payload: ["Fast_xiang"]
[2025-10-20 22:21:22] [Fast_xiang/DEBUG] [CustomSkinLoader Core]: Successfully request (Response Code: 200 , Content Length: 3)
[2025-10-20 22:21:22] [Fast_xiang/DEBUG] [CustomSkinLoader Core]: Content: [ ]
[2025-10-20 22:21:22] [Fast_xiang/INFO] [CustomSkinLoader Core]: No texture could be found.
[2025-10-20 22:21:22] [Fast_xiang/INFO] [CustomSkinLoader Core]: 14/14 Try to load profile from 'Cosmetica'.
[2025-10-20 22:21:22] [Fast_xiang/DEBUG] [CustomSkinLoader Core]: Try to request 'https://api.mojang.com/profiles/minecraft'.
[2025-10-20 22:21:22] [Fast_xiang/INFO] [CustomSkinLoader Core]: Payload: ["Fast_xiang"]
[2025-10-20 22:21:23] [Fast_xiang/DEBUG] [CustomSkinLoader Core]: Successfully request (Response Code: 200 , Content Length: 3)
[2025-10-20 22:21:23] [Fast_xiang/DEBUG] [CustomSkinLoader Core]: Content: [ ]
[2025-10-20 22:21:23] [Fast_xiang/INFO] [CustomSkinLoader Core]: No texture could be found.
[2025-10-20 22:21:23] [Fast_xiang/INFO] [CustomSkinLoader Core]: Fast_xiang's profile loaded.
[2025-10-20 22:21:23] [Fast_xiang/INFO] [CustomSkinLoader Core]: (SkinUrl: https://littleskin.cn/csl/textures/66f4949ca268432bcef200d0d836f29aa0c0cf543b106033f2146d6416fc037c , Model: slim , CapeUrl: null  , Expiry: 1760970113)
